<?xml version="1.0" encoding="UTF-8"?>
<testsuite name="com.abc.dao.UserDaoTest" tests="4" skipped="0" failures="0" errors="0" timestamp="2021-08-04T23:26:37" hostname="DESKTOP-9M3L6PP" time="0.067">
  <properties/>
  <testcase name="testAddUser()" classname="com.abc.dao.UserDaoTest" time="0.018"/>
  <testcase name="testRemoveUser()" classname="com.abc.dao.UserDaoTest" time="0.012"/>
  <testcase name="testSearchUser()" classname="com.abc.dao.UserDaoTest" time="0.007"/>
  <testcase name="testGetAllUser()" classname="com.abc.dao.UserDaoTest" time="0.008"/>
  <system-out><![CDATA[ set called 
1.add user called 
2. remove  user called 
3. search  user called 
4. all user called 
]]></system-out>
  <system-err><![CDATA[]]></system-err>
</testsuite>
